[2018-12-03 23:04:09] [main] INFO  Solr$:29 - Scallop(--term, interpol, --field, raw, --solr, http://192.168.152.201:8983/solr,http://192.168.152.202:8983/solr,http://192.168.152.203:8983/solr,http://192.168.152.204:8983/solr,http://192.168.152.205:8983/solr, --index, gov2)
 *  field => raw
 *  term => interpol
 *  solr => http://192.168.152.201:8983/solr,http://192.168.152.202:8983/solr,http://192.168.152.203:8983/solr,http://192.168.152.204:8983/solr,http://192.168.152.205:8983/solr
 *  index => gov2
    rows => 1000
    debug => false

[2018-12-03 23:04:09] [main] INFO  Solr$:61 - Querying Solr w/ cursorMark=*
[2018-12-03 23:04:14] [main] INFO  Solr$:71 - Num docs: 1000
[2018-12-03 23:04:14] [main] INFO  Solr$:61 - Querying Solr w/ cursorMark=AoExR1gwMDMtMjAtMTUwMjM5MTA=
[2018-12-03 23:04:14] [pool-1-thread-1] INFO  Solr$:109 - Sentence detection starting...
[2018-12-03 23:04:17] [main] INFO  Solr$:71 - Num docs: 1000
[2018-12-03 23:04:17] [main] INFO  Solr$:61 - Querying Solr w/ cursorMark=AoEwR1gwMDUtMTctMTg5NTY0Mw==
[2018-12-03 23:04:17] [pool-1-thread-2] INFO  Solr$:109 - Sentence detection starting...
[2018-12-03 23:04:18] [pool-1-thread-1] INFO  Solr$:119 - Sentence detection done...
[2018-12-03 23:04:20] [pool-1-thread-2] INFO  Solr$:119 - Sentence detection done...
[2018-12-03 23:04:20] [main] INFO  Solr$:71 - Num docs: 1000
[2018-12-03 23:04:20] [main] INFO  Solr$:61 - Querying Solr w/ cursorMark=AoExR1gwMDgtNDgtMTIzNjExNzA=
[2018-12-03 23:04:20] [pool-1-thread-3] INFO  Solr$:109 - Sentence detection starting...
[2018-12-03 23:04:23] [pool-1-thread-3] INFO  Solr$:119 - Sentence detection done...
[2018-12-03 23:04:25] [main] INFO  Solr$:71 - Num docs: 1000
[2018-12-03 23:04:25] [main] INFO  Solr$:61 - Querying Solr w/ cursorMark=AoExR1gwMTEtNTMtMTQyMDg0OTY=
[2018-12-03 23:04:25] [pool-1-thread-4] INFO  Solr$:109 - Sentence detection starting...
[2018-12-03 23:04:27] [pool-1-thread-4] INFO  Solr$:119 - Sentence detection done...
[2018-12-03 23:04:28] [main] INFO  Solr$:71 - Num docs: 1000
[2018-12-03 23:04:28] [main] INFO  Solr$:61 - Querying Solr w/ cursorMark=AoExR1gwMTQtMzAtMTU0NzI0MDM=
[2018-12-03 23:04:28] [pool-1-thread-5] INFO  Solr$:109 - Sentence detection starting...
[2018-12-03 23:04:31] [main] INFO  Solr$:71 - Num docs: 1000
[2018-12-03 23:04:31] [main] INFO  Solr$:61 - Querying Solr w/ cursorMark=AoEwR1gwMTctMjQtMjcwODg3Nw==
[2018-12-03 23:04:31] [pool-1-thread-6] INFO  Solr$:109 - Sentence detection starting...
[2018-12-03 23:04:31] [pool-1-thread-5] INFO  Solr$:119 - Sentence detection done...
[2018-12-03 23:04:33] [pool-1-thread-6] INFO  Solr$:119 - Sentence detection done...
[2018-12-03 23:04:34] [main] INFO  Solr$:71 - Num docs: 1000
[2018-12-03 23:04:34] [main] INFO  Solr$:61 - Querying Solr w/ cursorMark=AoEwR1gwMjAtMjctMjIxMDg1Ng==
[2018-12-03 23:04:34] [pool-1-thread-7] INFO  Solr$:109 - Sentence detection starting...
[2018-12-03 23:04:36] [pool-1-thread-7] INFO  Solr$:119 - Sentence detection done...
[2018-12-03 23:04:37] [main] INFO  Solr$:71 - Num docs: 1000
[2018-12-03 23:04:37] [main] INFO  Solr$:61 - Querying Solr w/ cursorMark=AoEwR1gwMjMtNDMtMTg1NzI1NA==
[2018-12-03 23:04:37] [pool-1-thread-8] INFO  Solr$:109 - Sentence detection starting...
[2018-12-03 23:04:39] [pool-1-thread-8] INFO  Solr$:119 - Sentence detection done...
[2018-12-03 23:04:40] [main] INFO  Solr$:71 - Num docs: 1000
[2018-12-03 23:04:40] [main] INFO  Solr$:61 - Querying Solr w/ cursorMark=AoEwR1gwMjYtNDAtOTc4NDY2MQ==
[2018-12-03 23:04:40] [pool-1-thread-9] INFO  Solr$:109 - Sentence detection starting...
[2018-12-03 23:04:42] [pool-1-thread-9] INFO  Solr$:119 - Sentence detection done...
[2018-12-03 23:04:43] [main] INFO  Solr$:71 - Num docs: 1000
[2018-12-03 23:04:43] [main] INFO  Solr$:61 - Querying Solr w/ cursorMark=AoEwR1gwMjktNDMtMDc3MTQxOA==
[2018-12-03 23:04:43] [pool-1-thread-10] INFO  Solr$:109 - Sentence detection starting...
[2018-12-03 23:04:45] [pool-1-thread-10] INFO  Solr$:119 - Sentence detection done...
[2018-12-03 23:04:46] [main] INFO  Solr$:71 - Num docs: 1000
[2018-12-03 23:04:46] [main] INFO  Solr$:61 - Querying Solr w/ cursorMark=AoEwR1gwMzItMTktMDQ0NDI5Mw==
[2018-12-03 23:04:46] [pool-1-thread-11] INFO  Solr$:109 - Sentence detection starting...
[2018-12-03 23:04:48] [pool-1-thread-11] INFO  Solr$:119 - Sentence detection done...
[2018-12-03 23:04:49] [main] INFO  Solr$:71 - Num docs: 1000
[2018-12-03 23:04:49] [main] INFO  Solr$:61 - Querying Solr w/ cursorMark=AoExR1gwMzQtNTctMTY1MDE3NzI=
[2018-12-03 23:04:49] [pool-1-thread-12] INFO  Solr$:109 - Sentence detection starting...
[2018-12-03 23:04:51] [pool-1-thread-12] INFO  Solr$:119 - Sentence detection done...
[2018-12-03 23:04:52] [main] INFO  Solr$:71 - Num docs: 1000
[2018-12-03 23:04:52] [main] INFO  Solr$:61 - Querying Solr w/ cursorMark=AoEwR1gwMzctOTEtODc4ODE1MQ==
[2018-12-03 23:04:52] [pool-1-thread-13] INFO  Solr$:109 - Sentence detection starting...
[2018-12-03 23:04:54] [pool-1-thread-13] INFO  Solr$:119 - Sentence detection done...
[2018-12-03 23:04:57] [main] INFO  Solr$:71 - Num docs: 1000
[2018-12-03 23:04:57] [main] INFO  Solr$:61 - Querying Solr w/ cursorMark=AoEwR1gwNDEtMjgtMDM5NDU3OA==
[2018-12-03 23:04:57] [pool-1-thread-14] INFO  Solr$:109 - Sentence detection starting...
[2018-12-03 23:04:59] [pool-1-thread-14] INFO  Solr$:119 - Sentence detection done...
[2018-12-03 23:05:00] [main] INFO  Solr$:71 - Num docs: 1000
[2018-12-03 23:05:00] [main] INFO  Solr$:61 - Querying Solr w/ cursorMark=AoEwR1gwNDQtNjItMzgxNTQzOA==
[2018-12-03 23:05:00] [pool-1-thread-15] INFO  Solr$:109 - Sentence detection starting...
[2018-12-03 23:05:02] [pool-1-thread-15] INFO  Solr$:119 - Sentence detection done...
[2018-12-03 23:05:03] [main] INFO  Solr$:71 - Num docs: 1000
[2018-12-03 23:05:03] [main] INFO  Solr$:61 - Querying Solr w/ cursorMark=AoExR1gwNDgtMDYtMTI5ODI3NjQ=
[2018-12-03 23:05:03] [pool-1-thread-16] INFO  Solr$:109 - Sentence detection starting...
[2018-12-03 23:05:05] [pool-1-thread-16] INFO  Solr$:119 - Sentence detection done...
[2018-12-03 23:05:07] [main] INFO  Solr$:71 - Num docs: 1000
[2018-12-03 23:05:07] [main] INFO  Solr$:61 - Querying Solr w/ cursorMark=AoExR1gwNTEtNTctMTA2OTE0MTI=
[2018-12-03 23:05:07] [pool-1-thread-17] INFO  Solr$:109 - Sentence detection starting...
[2018-12-03 23:05:09] [pool-1-thread-17] INFO  Solr$:119 - Sentence detection done...
[2018-12-03 23:05:11] [main] INFO  Solr$:71 - Num docs: 1000
[2018-12-03 23:05:11] [main] INFO  Solr$:61 - Querying Solr w/ cursorMark=AoExR1gwNTQtNzctMTA4NzU1ODE=
[2018-12-03 23:05:11] [pool-1-thread-18] INFO  Solr$:109 - Sentence detection starting...
[2018-12-03 23:05:12] [pool-1-thread-18] INFO  Solr$:119 - Sentence detection done...
[2018-12-03 23:05:15] [main] INFO  Solr$:71 - Num docs: 1000
[2018-12-03 23:05:15] [main] INFO  Solr$:61 - Querying Solr w/ cursorMark=AoExR1gwNTctNDItMTQ3MjcxOTA=
[2018-12-03 23:05:15] [pool-1-thread-19] INFO  Solr$:109 - Sentence detection starting...
exception caught: java.lang.NullPointerException
[2018-12-03 23:05:16] [pool-1-thread-19] INFO  Solr$:119 - Sentence detection done...
[2018-12-03 23:05:18] [main] INFO  Solr$:71 - Num docs: 1000
[2018-12-03 23:05:18] [main] INFO  Solr$:61 - Querying Solr w/ cursorMark=AoEwR1gwNjAtNDgtMDAzMjMzNg==
[2018-12-03 23:05:18] [pool-1-thread-20] INFO  Solr$:109 - Sentence detection starting...
[2018-12-03 23:05:20] [pool-1-thread-20] INFO  Solr$:119 - Sentence detection done...
[2018-12-03 23:05:21] [main] INFO  Solr$:71 - Num docs: 1000
[2018-12-03 23:05:21] [main] INFO  Solr$:61 - Querying Solr w/ cursorMark=AoEwR1gwNjMtODEtMTc5MTY5Mw==
[2018-12-03 23:05:21] [pool-1-thread-21] INFO  Solr$:109 - Sentence detection starting...
[2018-12-03 23:05:23] [pool-1-thread-21] INFO  Solr$:119 - Sentence detection done...
[2018-12-03 23:05:25] [main] INFO  Solr$:71 - Num docs: 1000
[2018-12-03 23:05:25] [main] INFO  Solr$:61 - Querying Solr w/ cursorMark=AoExR1gwNjctNTgtMTU1MDIyNzk=
[2018-12-03 23:05:25] [pool-1-thread-22] INFO  Solr$:109 - Sentence detection starting...
[2018-12-03 23:05:27] [pool-1-thread-22] INFO  Solr$:119 - Sentence detection done...
[2018-12-03 23:05:30] [main] INFO  Solr$:71 - Num docs: 1000
[2018-12-03 23:05:30] [main] INFO  Solr$:61 - Querying Solr w/ cursorMark=AoEwR1gwNzItMzQtODEzMTkyMQ==
[2018-12-03 23:05:30] [pool-1-thread-23] INFO  Solr$:109 - Sentence detection starting...
[2018-12-03 23:05:31] [pool-1-thread-23] INFO  Solr$:119 - Sentence detection done...
[2018-12-03 23:05:33] [main] INFO  Solr$:71 - Num docs: 1000
[2018-12-03 23:05:33] [main] INFO  Solr$:61 - Querying Solr w/ cursorMark=AoEwR1gwNzktOTQtMjAwNzAwNw==
[2018-12-03 23:05:33] [pool-1-thread-24] INFO  Solr$:109 - Sentence detection starting...
[2018-12-03 23:05:35] [pool-1-thread-24] INFO  Solr$:119 - Sentence detection done...
[2018-12-03 23:05:37] [main] INFO  Solr$:71 - Num docs: 1000
[2018-12-03 23:05:37] [main] INFO  Solr$:61 - Querying Solr w/ cursorMark=AoEwR1gwODktNDEtNjEwMzY0Mg==
[2018-12-03 23:05:37] [pool-1-thread-1] INFO  Solr$:109 - Sentence detection starting...
[2018-12-03 23:05:38] [pool-1-thread-1] INFO  Solr$:119 - Sentence detection done...
[2018-12-03 23:05:41] [main] INFO  Solr$:71 - Num docs: 1000
[2018-12-03 23:05:41] [main] INFO  Solr$:61 - Querying Solr w/ cursorMark=AoEwR1gwOTgtMzctNjUxNzA0MA==
[2018-12-03 23:05:41] [pool-1-thread-2] INFO  Solr$:109 - Sentence detection starting...
[2018-12-03 23:05:42] [pool-1-thread-2] INFO  Solr$:119 - Sentence detection done...
[2018-12-03 23:05:45] [main] INFO  Solr$:71 - Num docs: 1000
[2018-12-03 23:05:45] [main] INFO  Solr$:61 - Querying Solr w/ cursorMark=AoEwR1gxMDctNzgtMDgyNjc1NQ==
[2018-12-03 23:05:45] [pool-1-thread-3] INFO  Solr$:109 - Sentence detection starting...
[2018-12-03 23:05:46] [pool-1-thread-3] INFO  Solr$:119 - Sentence detection done...
[2018-12-03 23:05:49] [main] INFO  Solr$:71 - Num docs: 1000
[2018-12-03 23:05:49] [main] INFO  Solr$:61 - Querying Solr w/ cursorMark=AoEwR1gxMjEtMjktMzkyNDcwOQ==
[2018-12-03 23:05:49] [pool-1-thread-4] INFO  Solr$:109 - Sentence detection starting...
[2018-12-03 23:05:51] [pool-1-thread-4] INFO  Solr$:119 - Sentence detection done...
[2018-12-03 23:05:52] [main] INFO  Solr$:71 - Num docs: 1000
[2018-12-03 23:05:52] [main] INFO  Solr$:61 - Querying Solr w/ cursorMark=AoEwR1gxMzItODQtOTgxMTI3NA==
[2018-12-03 23:05:52] [pool-1-thread-5] INFO  Solr$:109 - Sentence detection starting...
[2018-12-03 23:05:54] [pool-1-thread-5] INFO  Solr$:119 - Sentence detection done...
[2018-12-03 23:05:56] [main] INFO  Solr$:71 - Num docs: 1000
[2018-12-03 23:05:56] [main] INFO  Solr$:61 - Querying Solr w/ cursorMark=AoEwR1gxNTAtNjQtNDIwODc4OA==
[2018-12-03 23:05:56] [pool-1-thread-6] INFO  Solr$:109 - Sentence detection starting...
[2018-12-03 23:05:57] [pool-1-thread-6] INFO  Solr$:119 - Sentence detection done...
[2018-12-03 23:06:00] [main] INFO  Solr$:71 - Num docs: 1000
[2018-12-03 23:06:00] [main] INFO  Solr$:61 - Querying Solr w/ cursorMark=AoExR1gxNjctNzQtMTUxNzk0NzY=
[2018-12-03 23:06:00] [pool-1-thread-7] INFO  Solr$:109 - Sentence detection starting...
[2018-12-03 23:06:01] [pool-1-thread-7] INFO  Solr$:119 - Sentence detection done...
[2018-12-03 23:06:04] [main] INFO  Solr$:71 - Num docs: 1000
[2018-12-03 23:06:04] [main] INFO  Solr$:61 - Querying Solr w/ cursorMark=AoEwR1gxODUtODUtNzQxODkwNA==
[2018-12-03 23:06:04] [pool-1-thread-8] INFO  Solr$:109 - Sentence detection starting...
[2018-12-03 23:06:05] [pool-1-thread-8] INFO  Solr$:119 - Sentence detection done...
[2018-12-03 23:06:07] [main] INFO  Solr$:71 - Num docs: 1000
[2018-12-03 23:06:07] [main] INFO  Solr$:61 - Querying Solr w/ cursorMark=AoExR1gxOTUtOTItMTAxMDU1OTE=
[2018-12-03 23:06:07] [pool-1-thread-9] INFO  Solr$:109 - Sentence detection starting...
[2018-12-03 23:06:08] [pool-1-thread-9] INFO  Solr$:119 - Sentence detection done...
[2018-12-03 23:06:11] [main] INFO  Solr$:71 - Num docs: 1000
[2018-12-03 23:06:11] [main] INFO  Solr$:61 - Querying Solr w/ cursorMark=AoEwR1gyMTgtMDItMDU3NTYyMA==
[2018-12-03 23:06:11] [pool-1-thread-10] INFO  Solr$:109 - Sentence detection starting...
[2018-12-03 23:06:13] [pool-1-thread-10] INFO  Solr$:119 - Sentence detection done...
[2018-12-03 23:06:16] [main] INFO  Solr$:71 - Num docs: 1000
[2018-12-03 23:06:16] [main] INFO  Solr$:61 - Querying Solr w/ cursorMark=AoEwR1gyMjYtNzAtMDU0NzkzNA==
[2018-12-03 23:06:16] [pool-1-thread-11] INFO  Solr$:109 - Sentence detection starting...
[2018-12-03 23:06:16] [pool-1-thread-11] INFO  Solr$:119 - Sentence detection done...
[2018-12-03 23:06:19] [main] INFO  Solr$:71 - Num docs: 1000
[2018-12-03 23:06:19] [main] INFO  Solr$:61 - Querying Solr w/ cursorMark=AoEwR1gyMzAtMDUtNzIwOTkwMQ==
[2018-12-03 23:06:19] [pool-1-thread-12] INFO  Solr$:109 - Sentence detection starting...
[2018-12-03 23:06:23] [main] INFO  Solr$:71 - Num docs: 1000
[2018-12-03 23:06:23] [main] INFO  Solr$:61 - Querying Solr w/ cursorMark=AoEwR1gyMzItMjktNDc0MTM4MA==
[2018-12-03 23:06:23] [pool-1-thread-13] INFO  Solr$:109 - Sentence detection starting...
exception caught: java.lang.NullPointerException
[2018-12-03 23:06:25] [pool-1-thread-12] INFO  Solr$:119 - Sentence detection done...
[2018-12-03 23:06:27] [main] INFO  Solr$:71 - Num docs: 1000
[2018-12-03 23:06:27] [main] INFO  Solr$:61 - Querying Solr w/ cursorMark=AoExR1gyMzQtOTEtMTYxMTE2OTY=
[2018-12-03 23:06:27] [pool-1-thread-14] INFO  Solr$:109 - Sentence detection starting...
[2018-12-03 23:06:29] [pool-1-thread-13] INFO  Solr$:119 - Sentence detection done...
[2018-12-03 23:06:31] [main] INFO  Solr$:71 - Num docs: 1000
[2018-12-03 23:06:31] [main] INFO  Solr$:61 - Querying Solr w/ cursorMark=AoExR1gyMzctNDYtMTA0MzM1MDQ=
[2018-12-03 23:06:31] [pool-1-thread-15] INFO  Solr$:109 - Sentence detection starting...
[2018-12-03 23:06:32] [pool-1-thread-14] INFO  Solr$:119 - Sentence detection done...
[2018-12-03 23:06:35] [main] INFO  Solr$:71 - Num docs: 1000
[2018-12-03 23:06:35] [main] INFO  Solr$:61 - Querying Solr w/ cursorMark=AoExR1gyNDAtMDctMTM0OTU2MTg=
[2018-12-03 23:06:35] [pool-1-thread-16] INFO  Solr$:109 - Sentence detection starting...
[2018-12-03 23:06:37] [pool-1-thread-15] INFO  Solr$:119 - Sentence detection done...
[2018-12-03 23:06:39] [main] INFO  Solr$:71 - Num docs: 1000
[2018-12-03 23:06:39] [main] INFO  Solr$:61 - Querying Solr w/ cursorMark=AoEwR1gyNDItOTEtMTgzODI2Mg==
[2018-12-03 23:06:39] [pool-1-thread-17] INFO  Solr$:109 - Sentence detection starting...
[2018-12-03 23:06:41] [pool-1-thread-16] INFO  Solr$:119 - Sentence detection done...
[2018-12-03 23:06:43] [main] INFO  Solr$:71 - Num docs: 1000
[2018-12-03 23:06:43] [main] INFO  Solr$:61 - Querying Solr w/ cursorMark=AoExR1gyNTAtNjEtMTE5NTQwNDE=
[2018-12-03 23:06:43] [pool-1-thread-18] INFO  Solr$:109 - Sentence detection starting...
[2018-12-03 23:06:45] [pool-1-thread-17] INFO  Solr$:119 - Sentence detection done...
[2018-12-03 23:06:47] [main] INFO  Solr$:71 - Num docs: 1000
[2018-12-03 23:06:47] [main] INFO  Solr$:61 - Querying Solr w/ cursorMark=AoExR1gyNTItNzYtMTYzODc0NDY=
[2018-12-03 23:06:47] [pool-1-thread-19] INFO  Solr$:109 - Sentence detection starting...
[2018-12-03 23:06:47] [pool-1-thread-18] INFO  Solr$:119 - Sentence detection done...
[2018-12-03 23:06:51] [main] INFO  Solr$:71 - Num docs: 1000
[2018-12-03 23:06:51] [main] INFO  Solr$:61 - Querying Solr w/ cursorMark=AoEwR1gyNTQtNjgtMjI3MDc5NQ==
[2018-12-03 23:06:51] [pool-1-thread-20] INFO  Solr$:109 - Sentence detection starting...
[2018-12-03 23:06:53] [pool-1-thread-19] INFO  Solr$:119 - Sentence detection done...
[2018-12-03 23:06:54] [main] INFO  Solr$:71 - Num docs: 1000
[2018-12-03 23:06:54] [main] INFO  Solr$:61 - Querying Solr w/ cursorMark=AoExR1gyNTYtNjAtMTUwNDY5NjY=
[2018-12-03 23:06:54] [pool-1-thread-21] INFO  Solr$:109 - Sentence detection starting...
[2018-12-03 23:06:56] [pool-1-thread-20] INFO  Solr$:119 - Sentence detection done...
[2018-12-03 23:06:58] [main] INFO  Solr$:71 - Num docs: 1000
[2018-12-03 23:06:58] [main] INFO  Solr$:61 - Querying Solr w/ cursorMark=AoExR1gyNTgtMDctMTE1NDAwNTE=
[2018-12-03 23:06:58] [pool-1-thread-22] INFO  Solr$:109 - Sentence detection starting...
[2018-12-03 23:07:01] [pool-1-thread-21] INFO  Solr$:119 - Sentence detection done...
[2018-12-03 23:07:02] [main] INFO  Solr$:71 - Num docs: 1000
[2018-12-03 23:07:02] [main] INFO  Solr$:61 - Querying Solr w/ cursorMark=AoExR1gyNjAtMzEtMTAyNTI1MzM=
[2018-12-03 23:07:02] [pool-1-thread-23] INFO  Solr$:109 - Sentence detection starting...
[2018-12-03 23:07:04] [pool-1-thread-22] INFO  Solr$:119 - Sentence detection done...
[2018-12-03 23:07:06] [main] INFO  Solr$:71 - Num docs: 1000
[2018-12-03 23:07:06] [main] INFO  Solr$:61 - Querying Solr w/ cursorMark=AoExR1gyNjEtNjctMTMzMDI5OTk=
[2018-12-03 23:07:06] [pool-1-thread-24] INFO  Solr$:109 - Sentence detection starting...
[2018-12-03 23:07:07] [pool-1-thread-23] INFO  Solr$:119 - Sentence detection done...
[2018-12-03 23:07:09] [main] INFO  Solr$:71 - Num docs: 1000
[2018-12-03 23:07:09] [main] INFO  Solr$:61 - Querying Solr w/ cursorMark=AoExR1gyNjMtNzMtMTM1NzAxODU=
[2018-12-03 23:07:09] [pool-1-thread-1] INFO  Solr$:109 - Sentence detection starting...
[2018-12-03 23:07:11] [pool-1-thread-24] INFO  Solr$:119 - Sentence detection done...
[2018-12-03 23:07:14] [main] INFO  Solr$:71 - Num docs: 1000
[2018-12-03 23:07:14] [main] INFO  Solr$:61 - Querying Solr w/ cursorMark=AoExR1gyNjktNjAtMTYyODE3MjQ=
[2018-12-03 23:07:14] [pool-1-thread-2] INFO  Solr$:109 - Sentence detection starting...
[2018-12-03 23:07:15] [pool-1-thread-1] INFO  Solr$:119 - Sentence detection done...
[2018-12-03 23:07:16] [main] INFO  Solr$:71 - Num docs: 551
[2018-12-03 23:07:16] [main] INFO  Solr$:61 - Querying Solr w/ cursorMark=AoExR1gyNzItODMtMTQ3Nzg4OTE=
[2018-12-03 23:07:16] [pool-1-thread-3] INFO  Solr$:109 - Sentence detection starting...
[2018-12-03 23:07:16] [main] INFO  Solr$:71 - Num docs: 0
[2018-12-03 23:07:20] [pool-1-thread-3] INFO  Solr$:119 - Sentence detection done...
[2018-12-03 23:07:21] [pool-1-thread-2] INFO  Solr$:119 - Sentence detection done...
[2018-12-03 23:07:21] [main] INFO  Solr$:98 - Took 191769ms
