[2018-12-03 23:14:23] [main] INFO  Solr$:29 - Scallop(--term, belt, --field, raw, --solr, http://192.168.152.201:8983/solr,http://192.168.152.202:8983/solr,http://192.168.152.203:8983/solr,http://192.168.152.204:8983/solr,http://192.168.152.205:8983/solr, --index, gov2)
 *  field => raw
 *  term => belt
 *  solr => http://192.168.152.201:8983/solr,http://192.168.152.202:8983/solr,http://192.168.152.203:8983/solr,http://192.168.152.204:8983/solr,http://192.168.152.205:8983/solr
 *  index => gov2
    rows => 1000
    debug => false

[2018-12-03 23:14:23] [main] INFO  Solr$:61 - Querying Solr w/ cursorMark=*
[2018-12-03 23:14:27] [main] INFO  Solr$:71 - Num docs: 1000
[2018-12-03 23:14:27] [main] INFO  Solr$:61 - Querying Solr w/ cursorMark=AoEwR1gwMDEtNDYtNDAyOTc0OA==
[2018-12-03 23:14:27] [pool-1-thread-1] INFO  Solr$:109 - Sentence detection starting...
exception caught: java.lang.NullPointerException
exception caught: java.lang.NullPointerException
[2018-12-03 23:14:29] [main] INFO  Solr$:71 - Num docs: 1000
[2018-12-03 23:14:29] [main] INFO  Solr$:61 - Querying Solr w/ cursorMark=AoExR1gwMDItODYtMTEzNTcwNTM=
[2018-12-03 23:14:29] [pool-1-thread-2] INFO  Solr$:109 - Sentence detection starting...
[2018-12-03 23:14:31] [main] INFO  Solr$:71 - Num docs: 1000
[2018-12-03 23:14:31] [main] INFO  Solr$:61 - Querying Solr w/ cursorMark=AoExR1gwMDQtMTYtMTI0NDQ4OTQ=
[2018-12-03 23:14:31] [pool-1-thread-3] INFO  Solr$:109 - Sentence detection starting...
exception caught: java.lang.NullPointerException
[2018-12-03 23:14:32] [pool-1-thread-1] INFO  Solr$:119 - Sentence detection done...
[2018-12-03 23:14:33] [pool-1-thread-2] INFO  Solr$:119 - Sentence detection done...
[2018-12-03 23:14:34] [main] INFO  Solr$:71 - Num docs: 1000
[2018-12-03 23:14:34] [main] INFO  Solr$:61 - Querying Solr w/ cursorMark=AoEwR1gwMDUtMzgtMDYwMDkwOQ==
[2018-12-03 23:14:34] [pool-1-thread-4] INFO  Solr$:109 - Sentence detection starting...
[2018-12-03 23:14:35] [pool-1-thread-3] INFO  Solr$:119 - Sentence detection done...
[2018-12-03 23:14:37] [main] INFO  Solr$:71 - Num docs: 1000
[2018-12-03 23:14:37] [main] INFO  Solr$:61 - Querying Solr w/ cursorMark=AoEwR1gwMDYtNjctNDI4Nzk4Ng==
[2018-12-03 23:14:37] [pool-1-thread-5] INFO  Solr$:109 - Sentence detection starting...
[2018-12-03 23:14:37] [pool-1-thread-4] INFO  Solr$:119 - Sentence detection done...
[2018-12-03 23:14:39] [main] INFO  Solr$:71 - Num docs: 1000
[2018-12-03 23:14:39] [main] INFO  Solr$:61 - Querying Solr w/ cursorMark=AoEwR1gwMDgtMDEtNTIyNTc3Mw==
[2018-12-03 23:14:39] [pool-1-thread-6] INFO  Solr$:109 - Sentence detection starting...
[2018-12-03 23:14:40] [pool-1-thread-5] INFO  Solr$:119 - Sentence detection done...
[2018-12-03 23:14:42] [pool-1-thread-6] INFO  Solr$:119 - Sentence detection done...
[2018-12-03 23:14:43] [main] INFO  Solr$:71 - Num docs: 1000
[2018-12-03 23:14:43] [main] INFO  Solr$:61 - Querying Solr w/ cursorMark=AoEwR1gwMDktNDItNjcwODg4MQ==
[2018-12-03 23:14:43] [pool-1-thread-7] INFO  Solr$:109 - Sentence detection starting...
[2018-12-03 23:14:46] [main] INFO  Solr$:71 - Num docs: 1000
[2018-12-03 23:14:46] [main] INFO  Solr$:61 - Querying Solr w/ cursorMark=AoExR1gwMTAtODktMTUxNzM4NjU=
[2018-12-03 23:14:46] [pool-1-thread-8] INFO  Solr$:109 - Sentence detection starting...
[2018-12-03 23:14:46] [pool-1-thread-7] INFO  Solr$:119 - Sentence detection done...
[2018-12-03 23:14:49] [pool-1-thread-8] INFO  Solr$:119 - Sentence detection done...
[2018-12-03 23:14:49] [main] INFO  Solr$:71 - Num docs: 1000
[2018-12-03 23:14:49] [main] INFO  Solr$:61 - Querying Solr w/ cursorMark=AoExR1gwMTItMzEtMTUxNTcwMjg=
[2018-12-03 23:14:49] [pool-1-thread-9] INFO  Solr$:109 - Sentence detection starting...
[2018-12-03 23:14:51] [main] INFO  Solr$:71 - Num docs: 1000
[2018-12-03 23:14:51] [main] INFO  Solr$:61 - Querying Solr w/ cursorMark=AoEwR1gwMTMtNDYtMjU0Mjk3Mw==
[2018-12-03 23:14:51] [pool-1-thread-10] INFO  Solr$:109 - Sentence detection starting...
[2018-12-03 23:14:51] [pool-1-thread-9] INFO  Solr$:119 - Sentence detection done...
exception caught: java.lang.NullPointerException
[2018-12-03 23:14:53] [pool-1-thread-10] INFO  Solr$:119 - Sentence detection done...
[2018-12-03 23:14:54] [main] INFO  Solr$:71 - Num docs: 1000
[2018-12-03 23:14:54] [main] INFO  Solr$:61 - Querying Solr w/ cursorMark=AoExR1gwMTQtNzYtMTQ2NDE1MDI=
[2018-12-03 23:14:54] [pool-1-thread-11] INFO  Solr$:109 - Sentence detection starting...
[2018-12-03 23:14:56] [pool-1-thread-11] INFO  Solr$:119 - Sentence detection done...
[2018-12-03 23:14:57] [main] INFO  Solr$:71 - Num docs: 1000
[2018-12-03 23:14:57] [main] INFO  Solr$:61 - Querying Solr w/ cursorMark=AoEwR1gwMTYtMjEtMzEyMTUxNQ==
[2018-12-03 23:14:57] [pool-1-thread-12] INFO  Solr$:109 - Sentence detection starting...
exception caught: java.lang.NullPointerException
[2018-12-03 23:15:00] [pool-1-thread-12] INFO  Solr$:119 - Sentence detection done...
[2018-12-03 23:15:01] [main] INFO  Solr$:71 - Num docs: 1000
[2018-12-03 23:15:01] [main] INFO  Solr$:61 - Querying Solr w/ cursorMark=AoEwR1gwMTctNTgtMjYzMDUwNg==
[2018-12-03 23:15:01] [pool-1-thread-13] INFO  Solr$:109 - Sentence detection starting...
[2018-12-03 23:15:03] [pool-1-thread-13] INFO  Solr$:119 - Sentence detection done...
[2018-12-03 23:15:03] [main] INFO  Solr$:71 - Num docs: 1000
[2018-12-03 23:15:03] [main] INFO  Solr$:61 - Querying Solr w/ cursorMark=AoExR1gwMTgtOTYtMTMyNTA0MDg=
[2018-12-03 23:15:03] [pool-1-thread-14] INFO  Solr$:109 - Sentence detection starting...
[2018-12-03 23:15:06] [main] INFO  Solr$:71 - Num docs: 1000
[2018-12-03 23:15:06] [main] INFO  Solr$:61 - Querying Solr w/ cursorMark=AoExR1gwMjAtMzItMTE4Nzg3NzQ=
[2018-12-03 23:15:06] [pool-1-thread-15] INFO  Solr$:109 - Sentence detection starting...
[2018-12-03 23:15:07] [pool-1-thread-14] INFO  Solr$:119 - Sentence detection done...
exception caught: java.lang.NullPointerException
exception caught: java.lang.NullPointerException
exception caught: java.lang.NullPointerException
exception caught: java.lang.NullPointerException
exception caught: java.lang.NullPointerException
exception caught: java.lang.NullPointerException
[2018-12-03 23:15:09] [pool-1-thread-15] INFO  Solr$:119 - Sentence detection done...
[2018-12-03 23:15:09] [main] INFO  Solr$:71 - Num docs: 1000
[2018-12-03 23:15:09] [main] INFO  Solr$:61 - Querying Solr w/ cursorMark=AoExR1gwMjEtNzgtMTExMjI2NTU=
[2018-12-03 23:15:09] [pool-1-thread-16] INFO  Solr$:109 - Sentence detection starting...
exception caught: java.lang.NullPointerException
[2018-12-03 23:15:12] [main] INFO  Solr$:71 - Num docs: 1000
[2018-12-03 23:15:12] [main] INFO  Solr$:61 - Querying Solr w/ cursorMark=AoExR1gwMjMtNDgtMTI2NjI2MDU=
[2018-12-03 23:15:12] [pool-1-thread-17] INFO  Solr$:109 - Sentence detection starting...
[2018-12-03 23:15:12] [pool-1-thread-16] INFO  Solr$:119 - Sentence detection done...
[2018-12-03 23:15:14] [pool-1-thread-17] INFO  Solr$:119 - Sentence detection done...
[2018-12-03 23:15:15] [main] INFO  Solr$:71 - Num docs: 1000
[2018-12-03 23:15:15] [main] INFO  Solr$:61 - Querying Solr w/ cursorMark=AoExR1gwMjUtMDktMTA2MjE4NzM=
[2018-12-03 23:15:15] [pool-1-thread-18] INFO  Solr$:109 - Sentence detection starting...
exception caught: java.lang.NullPointerException
[2018-12-03 23:15:18] [pool-1-thread-18] INFO  Solr$:119 - Sentence detection done...
[2018-12-03 23:15:18] [main] INFO  Solr$:71 - Num docs: 1000
[2018-12-03 23:15:18] [main] INFO  Solr$:61 - Querying Solr w/ cursorMark=AoEwR1gwMjYtNzItOTQyODg2MQ==
[2018-12-03 23:15:18] [pool-1-thread-19] INFO  Solr$:109 - Sentence detection starting...
[2018-12-03 23:15:20] [pool-1-thread-19] INFO  Solr$:119 - Sentence detection done...
[2018-12-03 23:15:21] [main] INFO  Solr$:71 - Num docs: 1000
[2018-12-03 23:15:21] [main] INFO  Solr$:61 - Querying Solr w/ cursorMark=AoEwR1gwMjgtNDgtMDAyNjU3Mg==
[2018-12-03 23:15:21] [pool-1-thread-20] INFO  Solr$:109 - Sentence detection starting...
[2018-12-03 23:15:23] [main] INFO  Solr$:71 - Num docs: 1000
[2018-12-03 23:15:23] [main] INFO  Solr$:61 - Querying Solr w/ cursorMark=AoExR1gwMzAtMzYtMTQ3ODM4ODI=
[2018-12-03 23:15:23] [pool-1-thread-21] INFO  Solr$:109 - Sentence detection starting...
[2018-12-03 23:15:23] [pool-1-thread-20] INFO  Solr$:119 - Sentence detection done...
[2018-12-03 23:15:25] [pool-1-thread-21] INFO  Solr$:119 - Sentence detection done...
[2018-12-03 23:15:26] [main] INFO  Solr$:71 - Num docs: 1000
[2018-12-03 23:15:26] [main] INFO  Solr$:61 - Querying Solr w/ cursorMark=AoExR1gwMzItMjktMTI0MTIxMjM=
[2018-12-03 23:15:26] [pool-1-thread-22] INFO  Solr$:109 - Sentence detection starting...
[2018-12-03 23:15:29] [main] INFO  Solr$:71 - Num docs: 1000
[2018-12-03 23:15:29] [main] INFO  Solr$:61 - Querying Solr w/ cursorMark=AoExR1gwMzQtNTItMTMyMjk4OTU=
[2018-12-03 23:15:29] [pool-1-thread-23] INFO  Solr$:109 - Sentence detection starting...
[2018-12-03 23:15:30] [pool-1-thread-22] INFO  Solr$:119 - Sentence detection done...
[2018-12-03 23:15:32] [pool-1-thread-23] INFO  Solr$:119 - Sentence detection done...
[2018-12-03 23:15:32] [main] INFO  Solr$:71 - Num docs: 1000
[2018-12-03 23:15:32] [main] INFO  Solr$:61 - Querying Solr w/ cursorMark=AoExR1gwMzctMTAtMTU3MzI4Nzk=
[2018-12-03 23:15:32] [pool-1-thread-24] INFO  Solr$:109 - Sentence detection starting...
[2018-12-03 23:15:35] [pool-1-thread-24] INFO  Solr$:119 - Sentence detection done...
[2018-12-03 23:15:36] [main] INFO  Solr$:71 - Num docs: 1000
[2018-12-03 23:15:36] [main] INFO  Solr$:61 - Querying Solr w/ cursorMark=AoExR1gwMzktNzktMTY3MjE4MDg=
[2018-12-03 23:15:36] [pool-1-thread-1] INFO  Solr$:109 - Sentence detection starting...
[2018-12-03 23:15:38] [pool-1-thread-1] INFO  Solr$:119 - Sentence detection done...
[2018-12-03 23:15:39] [main] INFO  Solr$:71 - Num docs: 1000
[2018-12-03 23:15:39] [main] INFO  Solr$:61 - Querying Solr w/ cursorMark=AoEwR1gwNDItMjItMzQ2Njk2MA==
[2018-12-03 23:15:39] [pool-1-thread-2] INFO  Solr$:109 - Sentence detection starting...
[2018-12-03 23:15:41] [pool-1-thread-2] INFO  Solr$:119 - Sentence detection done...
[2018-12-03 23:15:41] [main] INFO  Solr$:71 - Num docs: 1000
[2018-12-03 23:15:41] [main] INFO  Solr$:61 - Querying Solr w/ cursorMark=AoExR1gwNDQtNzYtMTA5MjY1OTE=
[2018-12-03 23:15:41] [pool-1-thread-3] INFO  Solr$:109 - Sentence detection starting...
[2018-12-03 23:15:44] [pool-1-thread-3] INFO  Solr$:119 - Sentence detection done...
[2018-12-03 23:15:45] [main] INFO  Solr$:71 - Num docs: 1000
[2018-12-03 23:15:45] [main] INFO  Solr$:61 - Querying Solr w/ cursorMark=AoEwR1gwNDctMzAtMDM4MjQ3Mg==
[2018-12-03 23:15:45] [pool-1-thread-4] INFO  Solr$:109 - Sentence detection starting...
[2018-12-03 23:15:48] [main] INFO  Solr$:71 - Num docs: 1000
[2018-12-03 23:15:48] [main] INFO  Solr$:61 - Querying Solr w/ cursorMark=AoEwR1gwNDktODYtMjc2MjYzNQ==
[2018-12-03 23:15:48] [pool-1-thread-5] INFO  Solr$:109 - Sentence detection starting...
[2018-12-03 23:15:48] [pool-1-thread-4] INFO  Solr$:119 - Sentence detection done...
[2018-12-03 23:15:50] [pool-1-thread-5] INFO  Solr$:119 - Sentence detection done...
[2018-12-03 23:15:51] [main] INFO  Solr$:71 - Num docs: 1000
[2018-12-03 23:15:51] [main] INFO  Solr$:61 - Querying Solr w/ cursorMark=AoEwR1gwNTItNzgtNDY0MTY5NQ==
[2018-12-03 23:15:51] [pool-1-thread-6] INFO  Solr$:109 - Sentence detection starting...
[2018-12-03 23:15:54] [pool-1-thread-6] INFO  Solr$:119 - Sentence detection done...
[2018-12-03 23:15:54] [main] INFO  Solr$:71 - Num docs: 1000
[2018-12-03 23:15:54] [main] INFO  Solr$:61 - Querying Solr w/ cursorMark=AoEwR1gwNTUtODYtMzcyMzI5OA==
[2018-12-03 23:15:54] [pool-1-thread-7] INFO  Solr$:109 - Sentence detection starting...
[2018-12-03 23:15:57] [main] INFO  Solr$:71 - Num docs: 1000
[2018-12-03 23:15:57] [main] INFO  Solr$:61 - Querying Solr w/ cursorMark=AoEwR1gwNTktNDktNDY3OTg5Ng==
[2018-12-03 23:15:57] [pool-1-thread-8] INFO  Solr$:109 - Sentence detection starting...
[2018-12-03 23:15:57] [pool-1-thread-7] INFO  Solr$:119 - Sentence detection done...
[2018-12-03 23:16:00] [pool-1-thread-8] INFO  Solr$:119 - Sentence detection done...
[2018-12-03 23:16:01] [main] INFO  Solr$:71 - Num docs: 1000
[2018-12-03 23:16:01] [main] INFO  Solr$:61 - Querying Solr w/ cursorMark=AoExR1gwNjItNDEtMTYwMzA4MzA=
[2018-12-03 23:16:01] [pool-1-thread-9] INFO  Solr$:109 - Sentence detection starting...
[2018-12-03 23:16:04] [pool-1-thread-9] INFO  Solr$:119 - Sentence detection done...
[2018-12-03 23:16:04] [main] INFO  Solr$:71 - Num docs: 1000
[2018-12-03 23:16:04] [main] INFO  Solr$:61 - Querying Solr w/ cursorMark=AoExR1gwNjYtMDMtMTA5MzQ3MDc=
[2018-12-03 23:16:04] [pool-1-thread-10] INFO  Solr$:109 - Sentence detection starting...
[2018-12-03 23:16:08] [main] INFO  Solr$:71 - Num docs: 1000
[2018-12-03 23:16:08] [main] INFO  Solr$:61 - Querying Solr w/ cursorMark=AoEwR1gwNzAtNDMtNTQ5NjQxMg==
[2018-12-03 23:16:08] [pool-1-thread-11] INFO  Solr$:109 - Sentence detection starting...
[2018-12-03 23:16:08] [pool-1-thread-10] INFO  Solr$:119 - Sentence detection done...
[2018-12-03 23:16:10] [pool-1-thread-11] INFO  Solr$:119 - Sentence detection done...
[2018-12-03 23:16:11] [main] INFO  Solr$:71 - Num docs: 1000
[2018-12-03 23:16:11] [main] INFO  Solr$:61 - Querying Solr w/ cursorMark=AoEwR1gwNzQtMDEtMDc2MTY0NQ==
[2018-12-03 23:16:11] [pool-1-thread-12] INFO  Solr$:109 - Sentence detection starting...
[2018-12-03 23:16:13] [pool-1-thread-12] INFO  Solr$:119 - Sentence detection done...
[2018-12-03 23:16:15] [main] INFO  Solr$:71 - Num docs: 1000
[2018-12-03 23:16:15] [main] INFO  Solr$:61 - Querying Solr w/ cursorMark=AoEwR1gwODEtMTEtNzQxMzg5Nw==
[2018-12-03 23:16:15] [pool-1-thread-13] INFO  Solr$:109 - Sentence detection starting...
exception caught: java.lang.NullPointerException
[2018-12-03 23:16:18] [pool-1-thread-13] INFO  Solr$:119 - Sentence detection done...
[2018-12-03 23:16:19] [main] INFO  Solr$:71 - Num docs: 1000
[2018-12-03 23:16:19] [main] INFO  Solr$:61 - Querying Solr w/ cursorMark=AoEwR1gwODctOTQtMTU3Njg0Mw==
[2018-12-03 23:16:19] [pool-1-thread-14] INFO  Solr$:109 - Sentence detection starting...
[2018-12-03 23:16:21] [pool-1-thread-14] INFO  Solr$:119 - Sentence detection done...
[2018-12-03 23:16:23] [main] INFO  Solr$:71 - Num docs: 1000
[2018-12-03 23:16:23] [main] INFO  Solr$:61 - Querying Solr w/ cursorMark=AoExR1gwOTUtMzUtMTUyOTU1OTg=
[2018-12-03 23:16:23] [pool-1-thread-15] INFO  Solr$:109 - Sentence detection starting...
[2018-12-03 23:16:25] [pool-1-thread-15] INFO  Solr$:119 - Sentence detection done...
[2018-12-03 23:16:27] [main] INFO  Solr$:71 - Num docs: 1000
[2018-12-03 23:16:27] [main] INFO  Solr$:61 - Querying Solr w/ cursorMark=AoEwR1gxMDItMzEtNzg5OTMxMg==
[2018-12-03 23:16:27] [pool-1-thread-16] INFO  Solr$:109 - Sentence detection starting...
[2018-12-03 23:16:29] [pool-1-thread-16] INFO  Solr$:119 - Sentence detection done...
[2018-12-03 23:16:31] [main] INFO  Solr$:71 - Num docs: 1000
[2018-12-03 23:16:31] [main] INFO  Solr$:61 - Querying Solr w/ cursorMark=AoExR1gxMTEtMTktMTQxMzE1NjE=
[2018-12-03 23:16:31] [pool-1-thread-17] INFO  Solr$:109 - Sentence detection starting...
exception caught: java.lang.NullPointerException
exception caught: java.lang.NullPointerException
exception caught: java.lang.NullPointerException
[2018-12-03 23:16:33] [pool-1-thread-17] INFO  Solr$:119 - Sentence detection done...
[2018-12-03 23:16:34] [main] INFO  Solr$:71 - Num docs: 1000
[2018-12-03 23:16:34] [main] INFO  Solr$:61 - Querying Solr w/ cursorMark=AoExR1gxMjUtODEtMTE0MTI2MDg=
[2018-12-03 23:16:34] [pool-1-thread-18] INFO  Solr$:109 - Sentence detection starting...
[2018-12-03 23:16:37] [pool-1-thread-18] INFO  Solr$:119 - Sentence detection done...
[2018-12-03 23:16:38] [main] INFO  Solr$:71 - Num docs: 1000
[2018-12-03 23:16:38] [main] INFO  Solr$:61 - Querying Solr w/ cursorMark=AoExR1gxMzktNDktMTEyMTc3NDM=
[2018-12-03 23:16:38] [pool-1-thread-19] INFO  Solr$:109 - Sentence detection starting...
[2018-12-03 23:16:40] [pool-1-thread-19] INFO  Solr$:119 - Sentence detection done...
[2018-12-03 23:16:42] [main] INFO  Solr$:71 - Num docs: 1000
[2018-12-03 23:16:42] [main] INFO  Solr$:61 - Querying Solr w/ cursorMark=AoEwR1gxNTEtNDktMDkwNTE4OA==
[2018-12-03 23:16:42] [pool-1-thread-20] INFO  Solr$:109 - Sentence detection starting...
[2018-12-03 23:16:44] [pool-1-thread-20] INFO  Solr$:119 - Sentence detection done...
[2018-12-03 23:16:45] [main] INFO  Solr$:71 - Num docs: 1000
[2018-12-03 23:16:45] [main] INFO  Solr$:61 - Querying Solr w/ cursorMark=AoEwR1gxNTgtNzAtNzk4OTI1Mw==
[2018-12-03 23:16:45] [pool-1-thread-21] INFO  Solr$:109 - Sentence detection starting...
[2018-12-03 23:16:46] [pool-1-thread-21] INFO  Solr$:119 - Sentence detection done...
[2018-12-03 23:16:49] [main] INFO  Solr$:71 - Num docs: 1000
[2018-12-03 23:16:49] [main] INFO  Solr$:61 - Querying Solr w/ cursorMark=AoExR1gxNzUtMjktMTU4MzgwNTc=
[2018-12-03 23:16:49] [pool-1-thread-22] INFO  Solr$:109 - Sentence detection starting...
exception caught: java.lang.NullPointerException
exception caught: java.lang.NullPointerException
exception caught: java.lang.NullPointerException
exception caught: java.lang.NullPointerException
exception caught: java.lang.NullPointerException
exception caught: java.lang.NullPointerException
exception caught: java.lang.NullPointerException
exception caught: java.lang.NullPointerException
exception caught: java.lang.NullPointerException
exception caught: java.lang.NullPointerException
[2018-12-03 23:16:51] [pool-1-thread-22] INFO  Solr$:119 - Sentence detection done...
[2018-12-03 23:16:53] [main] INFO  Solr$:71 - Num docs: 1000
[2018-12-03 23:16:53] [main] INFO  Solr$:61 - Querying Solr w/ cursorMark=AoEwR1gxOTEtMjctNDUwNDE0MQ==
[2018-12-03 23:16:53] [pool-1-thread-23] INFO  Solr$:109 - Sentence detection starting...
exception caught: java.lang.NullPointerException
exception caught: java.lang.NullPointerException
exception caught: java.lang.NullPointerException
exception caught: java.lang.NullPointerException
exception caught: java.lang.NullPointerException
[2018-12-03 23:16:55] [pool-1-thread-23] INFO  Solr$:119 - Sentence detection done...
[2018-12-03 23:16:56] [main] INFO  Solr$:71 - Num docs: 1000
[2018-12-03 23:16:56] [main] INFO  Solr$:61 - Querying Solr w/ cursorMark=AoEwR1gyMTQtMDktNzIyMjU2Mg==
[2018-12-03 23:16:56] [pool-1-thread-24] INFO  Solr$:109 - Sentence detection starting...
exception caught: java.lang.NullPointerException
exception caught: java.lang.NullPointerException
exception caught: java.lang.NullPointerException
exception caught: java.lang.NullPointerException
[2018-12-03 23:16:59] [pool-1-thread-24] INFO  Solr$:119 - Sentence detection done...
[2018-12-03 23:17:00] [main] INFO  Solr$:71 - Num docs: 1000
[2018-12-03 23:17:00] [main] INFO  Solr$:61 - Querying Solr w/ cursorMark=AoEwR1gyMjctNTEtMTM3NTMyMA==
[2018-12-03 23:17:00] [pool-1-thread-1] INFO  Solr$:109 - Sentence detection starting...
exception caught: java.lang.NullPointerException
[2018-12-03 23:17:02] [pool-1-thread-1] INFO  Solr$:119 - Sentence detection done...
[2018-12-03 23:17:04] [main] INFO  Solr$:71 - Num docs: 1000
[2018-12-03 23:17:04] [main] INFO  Solr$:61 - Querying Solr w/ cursorMark=AoExR1gyMjktNDAtMTUyMTMwNjE=
[2018-12-03 23:17:04] [pool-1-thread-2] INFO  Solr$:109 - Sentence detection starting...
[2018-12-03 23:17:07] [main] INFO  Solr$:71 - Num docs: 1000
[2018-12-03 23:17:07] [main] INFO  Solr$:61 - Querying Solr w/ cursorMark=AoExR1gyMzAtMTgtMTE4NzE2MzM=
[2018-12-03 23:17:07] [pool-1-thread-3] INFO  Solr$:109 - Sentence detection starting...
[2018-12-03 23:17:08] [pool-1-thread-2] INFO  Solr$:119 - Sentence detection done...
[2018-12-03 23:17:10] [main] INFO  Solr$:71 - Num docs: 1000
[2018-12-03 23:17:10] [main] INFO  Solr$:61 - Querying Solr w/ cursorMark=AoEwR1gyMzEtMDktNzAyMTcwOQ==
[2018-12-03 23:17:10] [pool-1-thread-4] INFO  Solr$:109 - Sentence detection starting...
[2018-12-03 23:17:12] [main] INFO  Solr$:71 - Num docs: 1000
[2018-12-03 23:17:12] [main] INFO  Solr$:61 - Querying Solr w/ cursorMark=AoExR1gyMzEtOTctMTE2ODYyNTI=
[2018-12-03 23:17:12] [pool-1-thread-5] INFO  Solr$:109 - Sentence detection starting...
[2018-12-03 23:17:14] [pool-1-thread-3] INFO  Solr$:119 - Sentence detection done...
[2018-12-03 23:17:15] [main] INFO  Solr$:71 - Num docs: 1000
[2018-12-03 23:17:15] [main] INFO  Solr$:61 - Querying Solr w/ cursorMark=AoEwR1gyMzItNzEtNzI5MDUyOA==
[2018-12-03 23:17:15] [pool-1-thread-6] INFO  Solr$:109 - Sentence detection starting...
[2018-12-03 23:17:16] [pool-1-thread-4] INFO  Solr$:119 - Sentence detection done...
[2018-12-03 23:17:16] [pool-1-thread-5] INFO  Solr$:119 - Sentence detection done...
[2018-12-03 23:17:18] [main] INFO  Solr$:71 - Num docs: 1000
[2018-12-03 23:17:18] [main] INFO  Solr$:61 - Querying Solr w/ cursorMark=AoExR1gyMzMtNTctMTIxODM5MzQ=
[2018-12-03 23:17:18] [pool-1-thread-7] INFO  Solr$:109 - Sentence detection starting...
[2018-12-03 23:17:20] [pool-1-thread-6] INFO  Solr$:119 - Sentence detection done...
[2018-12-03 23:17:21] [main] INFO  Solr$:71 - Num docs: 1000
[2018-12-03 23:17:21] [main] INFO  Solr$:61 - Querying Solr w/ cursorMark=AoExR1gyMzQtNDItMTE4NTIwMjI=
[2018-12-03 23:17:21] [pool-1-thread-8] INFO  Solr$:109 - Sentence detection starting...
[2018-12-03 23:17:22] [pool-1-thread-7] INFO  Solr$:119 - Sentence detection done...
[2018-12-03 23:17:23] [pool-1-thread-8] INFO  Solr$:119 - Sentence detection done...
[2018-12-03 23:17:24] [main] INFO  Solr$:71 - Num docs: 1000
[2018-12-03 23:17:24] [main] INFO  Solr$:61 - Querying Solr w/ cursorMark=AoEwR1gyMzUtMjItMTQ2MTYyNw==
[2018-12-03 23:17:24] [pool-1-thread-9] INFO  Solr$:109 - Sentence detection starting...
[2018-12-03 23:17:27] [main] INFO  Solr$:71 - Num docs: 1000
[2018-12-03 23:17:27] [main] INFO  Solr$:61 - Querying Solr w/ cursorMark=AoExR1gyMzYtMjctMTY2NTU0MTA=
[2018-12-03 23:17:27] [pool-1-thread-10] INFO  Solr$:109 - Sentence detection starting...
[2018-12-03 23:17:27] [pool-1-thread-9] INFO  Solr$:119 - Sentence detection done...
[2018-12-03 23:17:30] [main] INFO  Solr$:71 - Num docs: 1000
[2018-12-03 23:17:30] [main] INFO  Solr$:61 - Querying Solr w/ cursorMark=AoExR1gyMzctMjYtMTU2ODE4NDA=
[2018-12-03 23:17:30] [pool-1-thread-11] INFO  Solr$:109 - Sentence detection starting...
[2018-12-03 23:17:32] [pool-1-thread-10] INFO  Solr$:119 - Sentence detection done...
[2018-12-03 23:17:33] [main] INFO  Solr$:71 - Num docs: 1000
[2018-12-03 23:17:33] [main] INFO  Solr$:61 - Querying Solr w/ cursorMark=AoExR1gyMzgtMTktMTEyNTgwMzI=
[2018-12-03 23:17:33] [pool-1-thread-12] INFO  Solr$:109 - Sentence detection starting...
[2018-12-03 23:17:35] [pool-1-thread-11] INFO  Solr$:119 - Sentence detection done...
[2018-12-03 23:17:36] [main] INFO  Solr$:71 - Num docs: 1000
[2018-12-03 23:17:36] [main] INFO  Solr$:61 - Querying Solr w/ cursorMark=AoExR1gyMzktMTEtMTIwMjkzMDA=
[2018-12-03 23:17:36] [pool-1-thread-13] INFO  Solr$:109 - Sentence detection starting...
[2018-12-03 23:17:38] [pool-1-thread-12] INFO  Solr$:119 - Sentence detection done...
[2018-12-03 23:17:39] [main] INFO  Solr$:71 - Num docs: 1000
[2018-12-03 23:17:39] [main] INFO  Solr$:61 - Querying Solr w/ cursorMark=AoExR1gyNDAtMTEtMTIyMjAyMzg=
[2018-12-03 23:17:39] [pool-1-thread-14] INFO  Solr$:109 - Sentence detection starting...
exception caught: java.lang.NullPointerException
[2018-12-03 23:17:41] [pool-1-thread-13] INFO  Solr$:119 - Sentence detection done...
[2018-12-03 23:17:42] [main] INFO  Solr$:71 - Num docs: 1000
[2018-12-03 23:17:42] [main] INFO  Solr$:61 - Querying Solr w/ cursorMark=AoEwR1gyNDEtMDYtODI3NTk3MA==
[2018-12-03 23:17:42] [pool-1-thread-15] INFO  Solr$:109 - Sentence detection starting...
[2018-12-03 23:17:43] [pool-1-thread-14] INFO  Solr$:119 - Sentence detection done...
[2018-12-03 23:17:45] [main] INFO  Solr$:71 - Num docs: 1000
[2018-12-03 23:17:45] [main] INFO  Solr$:61 - Querying Solr w/ cursorMark=AoExR1gyNDItMDktMTE2NTY1NzQ=
[2018-12-03 23:17:45] [pool-1-thread-16] INFO  Solr$:109 - Sentence detection starting...
[2018-12-03 23:17:47] [pool-1-thread-15] INFO  Solr$:119 - Sentence detection done...
[2018-12-03 23:17:48] [main] INFO  Solr$:71 - Num docs: 1000
[2018-12-03 23:17:48] [main] INFO  Solr$:61 - Querying Solr w/ cursorMark=AoExR1gyNDItOTgtMTQwOTQyMDg=
[2018-12-03 23:17:48] [pool-1-thread-17] INFO  Solr$:109 - Sentence detection starting...
[2018-12-03 23:17:49] [pool-1-thread-16] INFO  Solr$:119 - Sentence detection done...
[2018-12-03 23:17:50] [main] INFO  Solr$:71 - Num docs: 1000
[2018-12-03 23:17:50] [main] INFO  Solr$:61 - Querying Solr w/ cursorMark=AoExR1gyNDMtOTMtMTM3MDg1NTc=
[2018-12-03 23:17:50] [pool-1-thread-18] INFO  Solr$:109 - Sentence detection starting...
[2018-12-03 23:17:53] [pool-1-thread-17] INFO  Solr$:119 - Sentence detection done...
[2018-12-03 23:17:54] [main] INFO  Solr$:71 - Num docs: 1000
[2018-12-03 23:17:54] [main] INFO  Solr$:61 - Querying Solr w/ cursorMark=AoEwR1gyNDUtNjgtNDY5Mzk5OQ==
[2018-12-03 23:17:54] [pool-1-thread-19] INFO  Solr$:109 - Sentence detection starting...
[2018-12-03 23:17:55] [pool-1-thread-18] INFO  Solr$:119 - Sentence detection done...
[2018-12-03 23:17:56] [pool-1-thread-19] INFO  Solr$:119 - Sentence detection done...
[2018-12-03 23:17:57] [main] INFO  Solr$:71 - Num docs: 1000
[2018-12-03 23:17:57] [main] INFO  Solr$:61 - Querying Solr w/ cursorMark=AoExR1gyNDctMDMtMTI4MTA1Mzk=
[2018-12-03 23:17:57] [pool-1-thread-20] INFO  Solr$:109 - Sentence detection starting...
[2018-12-03 23:17:59] [main] INFO  Solr$:71 - Num docs: 1000
[2018-12-03 23:17:59] [main] INFO  Solr$:61 - Querying Solr w/ cursorMark=AoExR1gyNDctOTAtMTU2NjQ4ODI=
[2018-12-03 23:17:59] [pool-1-thread-21] INFO  Solr$:109 - Sentence detection starting...
[2018-12-03 23:17:59] [pool-1-thread-20] INFO  Solr$:119 - Sentence detection done...
exception caught: java.lang.NullPointerException
[2018-12-03 23:18:02] [main] INFO  Solr$:71 - Num docs: 1000
[2018-12-03 23:18:02] [main] INFO  Solr$:61 - Querying Solr w/ cursorMark=AoEwR1gyNDgtNzctNzY0NjU0Mg==
[2018-12-03 23:18:02] [pool-1-thread-22] INFO  Solr$:109 - Sentence detection starting...
[2018-12-03 23:18:02] [pool-1-thread-21] INFO  Solr$:119 - Sentence detection done...
[2018-12-03 23:18:04] [pool-1-thread-22] INFO  Solr$:119 - Sentence detection done...
[2018-12-03 23:18:04] [main] INFO  Solr$:71 - Num docs: 1000
[2018-12-03 23:18:04] [main] INFO  Solr$:61 - Querying Solr w/ cursorMark=AoEwR1gyNDktNjQtMjcxNTA2MA==
[2018-12-03 23:18:04] [pool-1-thread-23] INFO  Solr$:109 - Sentence detection starting...
[2018-12-03 23:18:06] [pool-1-thread-23] INFO  Solr$:119 - Sentence detection done...
[2018-12-03 23:18:07] [main] INFO  Solr$:71 - Num docs: 1000
[2018-12-03 23:18:07] [main] INFO  Solr$:61 - Querying Solr w/ cursorMark=AoEwR1gyNTAtNDktMTE0MDc2Mg==
[2018-12-03 23:18:07] [pool-1-thread-24] INFO  Solr$:109 - Sentence detection starting...
[2018-12-03 23:18:10] [pool-1-thread-24] INFO  Solr$:119 - Sentence detection done...
[2018-12-03 23:18:11] [main] INFO  Solr$:71 - Num docs: 1000
[2018-12-03 23:18:11] [main] INFO  Solr$:61 - Querying Solr w/ cursorMark=AoEwR1gyNTEtMzItNjIwMTYzNQ==
[2018-12-03 23:18:11] [pool-1-thread-1] INFO  Solr$:109 - Sentence detection starting...
[2018-12-03 23:18:14] [main] INFO  Solr$:71 - Num docs: 1000
[2018-12-03 23:18:14] [main] INFO  Solr$:61 - Querying Solr w/ cursorMark=AoExR1gyNTItMjYtMTI5OTc2MTc=
[2018-12-03 23:18:14] [pool-1-thread-2] INFO  Solr$:109 - Sentence detection starting...
[2018-12-03 23:18:15] [pool-1-thread-1] INFO  Solr$:119 - Sentence detection done...
[2018-12-03 23:18:16] [main] INFO  Solr$:71 - Num docs: 1000
[2018-12-03 23:18:16] [main] INFO  Solr$:61 - Querying Solr w/ cursorMark=AoEwR1gyNTMtMTctNTIyNjAwMg==
[2018-12-03 23:18:16] [pool-1-thread-3] INFO  Solr$:109 - Sentence detection starting...
[2018-12-03 23:18:19] [pool-1-thread-2] INFO  Solr$:119 - Sentence detection done...
[2018-12-03 23:18:19] [main] INFO  Solr$:71 - Num docs: 1000
[2018-12-03 23:18:19] [main] INFO  Solr$:61 - Querying Solr w/ cursorMark=AoExR1gyNTQtMTctMTI4NTc2NTA=
[2018-12-03 23:18:19] [pool-1-thread-4] INFO  Solr$:109 - Sentence detection starting...
[2018-12-03 23:18:22] [main] INFO  Solr$:71 - Num docs: 1000
[2018-12-03 23:18:22] [main] INFO  Solr$:61 - Querying Solr w/ cursorMark=AoEwR1gyNTUtMTYtNTYxNjg2Mw==
[2018-12-03 23:18:22] [pool-1-thread-5] INFO  Solr$:109 - Sentence detection starting...
[2018-12-03 23:18:22] [pool-1-thread-3] INFO  Solr$:119 - Sentence detection done...
[2018-12-03 23:18:24] [main] INFO  Solr$:71 - Num docs: 1000
[2018-12-03 23:18:24] [main] INFO  Solr$:61 - Querying Solr w/ cursorMark=AoEwR1gyNTYtMDItMDc0MDkwNQ==
[2018-12-03 23:18:24] [pool-1-thread-6] INFO  Solr$:109 - Sentence detection starting...
[2018-12-03 23:18:24] [pool-1-thread-4] INFO  Solr$:119 - Sentence detection done...
[2018-12-03 23:18:26] [pool-1-thread-5] INFO  Solr$:119 - Sentence detection done...
[2018-12-03 23:18:27] [main] INFO  Solr$:71 - Num docs: 1000
[2018-12-03 23:18:27] [main] INFO  Solr$:61 - Querying Solr w/ cursorMark=AoExR1gyNTYtODEtMTM0NTY0MDE=
[2018-12-03 23:18:27] [pool-1-thread-7] INFO  Solr$:109 - Sentence detection starting...
[2018-12-03 23:18:28] [pool-1-thread-6] INFO  Solr$:119 - Sentence detection done...
[2018-12-03 23:18:30] [main] INFO  Solr$:71 - Num docs: 1000
[2018-12-03 23:18:30] [main] INFO  Solr$:61 - Querying Solr w/ cursorMark=AoExR1gyNTctNzAtMTU2NDk1MzQ=
[2018-12-03 23:18:30] [pool-1-thread-8] INFO  Solr$:109 - Sentence detection starting...
[2018-12-03 23:18:30] [pool-1-thread-7] INFO  Solr$:119 - Sentence detection done...
[2018-12-03 23:18:34] [main] INFO  Solr$:71 - Num docs: 1000
[2018-12-03 23:18:34] [main] INFO  Solr$:61 - Querying Solr w/ cursorMark=AoExR1gyNTktMzItMTExMTE3MDk=
[2018-12-03 23:18:34] [pool-1-thread-9] INFO  Solr$:109 - Sentence detection starting...
[2018-12-03 23:18:34] [pool-1-thread-8] INFO  Solr$:119 - Sentence detection done...
[2018-12-03 23:18:38] [main] INFO  Solr$:71 - Num docs: 1000
[2018-12-03 23:18:38] [main] INFO  Solr$:61 - Querying Solr w/ cursorMark=AoEwR1gyNjAtMTMtNzk1NjY1Nw==
[2018-12-03 23:18:38] [pool-1-thread-10] INFO  Solr$:109 - Sentence detection starting...
[2018-12-03 23:18:39] [pool-1-thread-9] INFO  Solr$:119 - Sentence detection done...
[2018-12-03 23:18:40] [main] INFO  Solr$:71 - Num docs: 1000
[2018-12-03 23:18:40] [main] INFO  Solr$:61 - Querying Solr w/ cursorMark=AoExR1gyNjAtOTUtMTMxMTY5ODE=
[2018-12-03 23:18:40] [pool-1-thread-11] INFO  Solr$:109 - Sentence detection starting...
[2018-12-03 23:18:43] [pool-1-thread-10] INFO  Solr$:119 - Sentence detection done...
[2018-12-03 23:18:44] [main] INFO  Solr$:71 - Num docs: 1000
[2018-12-03 23:18:44] [main] INFO  Solr$:61 - Querying Solr w/ cursorMark=AoEwR1gyNjEtNzgtOTA5NDkwOQ==
[2018-12-03 23:18:44] [pool-1-thread-12] INFO  Solr$:109 - Sentence detection starting...
[2018-12-03 23:18:45] [pool-1-thread-11] INFO  Solr$:119 - Sentence detection done...
[2018-12-03 23:18:46] [main] INFO  Solr$:71 - Num docs: 1000
[2018-12-03 23:18:46] [main] INFO  Solr$:61 - Querying Solr w/ cursorMark=AoEwR1gyNjItNTYtMDEwMTYwNg==
[2018-12-03 23:18:46] [pool-1-thread-13] INFO  Solr$:109 - Sentence detection starting...
[2018-12-03 23:18:48] [pool-1-thread-12] INFO  Solr$:119 - Sentence detection done...
[2018-12-03 23:18:49] [main] INFO  Solr$:71 - Num docs: 1000
[2018-12-03 23:18:49] [main] INFO  Solr$:61 - Querying Solr w/ cursorMark=AoExR1gyNjMtMjgtMTQzNTY4NDk=
[2018-12-03 23:18:49] [pool-1-thread-14] INFO  Solr$:109 - Sentence detection starting...
[2018-12-03 23:18:51] [pool-1-thread-13] INFO  Solr$:119 - Sentence detection done...
[2018-12-03 23:18:52] [main] INFO  Solr$:71 - Num docs: 1000
[2018-12-03 23:18:52] [main] INFO  Solr$:61 - Querying Solr w/ cursorMark=AoEwR1gyNjMtOTktNTM1NjExNA==
[2018-12-03 23:18:52] [pool-1-thread-15] INFO  Solr$:109 - Sentence detection starting...
[2018-12-03 23:18:54] [pool-1-thread-14] INFO  Solr$:119 - Sentence detection done...
[2018-12-03 23:18:55] [main] INFO  Solr$:71 - Num docs: 1000
[2018-12-03 23:18:55] [main] INFO  Solr$:61 - Querying Solr w/ cursorMark=AoEwR1gyNjQtNzAtOTA5NzUyNQ==
[2018-12-03 23:18:55] [pool-1-thread-16] INFO  Solr$:109 - Sentence detection starting...
[2018-12-03 23:18:57] [pool-1-thread-15] INFO  Solr$:119 - Sentence detection done...
[2018-12-03 23:18:59] [main] INFO  Solr$:71 - Num docs: 1000
[2018-12-03 23:18:59] [main] INFO  Solr$:61 - Querying Solr w/ cursorMark=AoEwR1gyNjUtNDItMDk4NDAzOA==
[2018-12-03 23:18:59] [pool-1-thread-17] INFO  Solr$:109 - Sentence detection starting...
[2018-12-03 23:19:00] [pool-1-thread-16] INFO  Solr$:119 - Sentence detection done...
[2018-12-03 23:19:03] [main] INFO  Solr$:71 - Num docs: 1000
[2018-12-03 23:19:03] [main] INFO  Solr$:61 - Querying Solr w/ cursorMark=AoEwR1gyNjYtMTItNjY5MTE0NA==
[2018-12-03 23:19:03] [pool-1-thread-18] INFO  Solr$:109 - Sentence detection starting...
[2018-12-03 23:19:05] [pool-1-thread-17] INFO  Solr$:119 - Sentence detection done...
[2018-12-03 23:19:06] [main] INFO  Solr$:71 - Num docs: 1000
[2018-12-03 23:19:06] [main] INFO  Solr$:61 - Querying Solr w/ cursorMark=AoEwR1gyNjYtODYtNDgzNDIxNg==
[2018-12-03 23:19:06] [pool-1-thread-19] INFO  Solr$:109 - Sentence detection starting...
[2018-12-03 23:19:08] [pool-1-thread-18] INFO  Solr$:119 - Sentence detection done...
[2018-12-03 23:19:09] [main] INFO  Solr$:71 - Num docs: 1000
[2018-12-03 23:19:09] [main] INFO  Solr$:61 - Querying Solr w/ cursorMark=AoEwR1gyNjctNTgtOTM3NzA5Mw==
[2018-12-03 23:19:09] [pool-1-thread-20] INFO  Solr$:109 - Sentence detection starting...
[2018-12-03 23:19:11] [pool-1-thread-19] INFO  Solr$:119 - Sentence detection done...
[2018-12-03 23:19:12] [main] INFO  Solr$:71 - Num docs: 1000
[2018-12-03 23:19:12] [main] INFO  Solr$:61 - Querying Solr w/ cursorMark=AoExR1gyNjgtMzItMTE4NTQwNjM=
[2018-12-03 23:19:12] [pool-1-thread-21] INFO  Solr$:109 - Sentence detection starting...
[2018-12-03 23:19:15] [pool-1-thread-20] INFO  Solr$:119 - Sentence detection done...
[2018-12-03 23:19:16] [main] INFO  Solr$:71 - Num docs: 1000
[2018-12-03 23:19:16] [main] INFO  Solr$:61 - Querying Solr w/ cursorMark=AoExR1gyNjktMDQtMTA1MDU2MzM=
[2018-12-03 23:19:16] [pool-1-thread-22] INFO  Solr$:109 - Sentence detection starting...
[2018-12-03 23:19:18] [pool-1-thread-21] INFO  Solr$:119 - Sentence detection done...
[2018-12-03 23:19:18] [main] INFO  Solr$:71 - Num docs: 1000
[2018-12-03 23:19:18] [main] INFO  Solr$:61 - Querying Solr w/ cursorMark=AoExR1gyNjktNzYtMTQ2MTU4MjA=
[2018-12-03 23:19:18] [pool-1-thread-23] INFO  Solr$:109 - Sentence detection starting...
[2018-12-03 23:19:21] [pool-1-thread-22] INFO  Solr$:119 - Sentence detection done...
[2018-12-03 23:19:22] [main] INFO  Solr$:71 - Num docs: 1000
[2018-12-03 23:19:22] [main] INFO  Solr$:61 - Querying Solr w/ cursorMark=AoExR1gyNzAtNDktMTEyMzIzMTM=
[2018-12-03 23:19:22] [pool-1-thread-24] INFO  Solr$:109 - Sentence detection starting...
[2018-12-03 23:19:24] [pool-1-thread-23] INFO  Solr$:119 - Sentence detection done...
[2018-12-03 23:19:25] [main] INFO  Solr$:71 - Num docs: 1000
[2018-12-03 23:19:25] [main] INFO  Solr$:61 - Querying Solr w/ cursorMark=AoExR1gyNzEtMjMtMTUwOTIyODc=
[2018-12-03 23:19:25] [pool-1-thread-1] INFO  Solr$:109 - Sentence detection starting...
[2018-12-03 23:19:27] [pool-1-thread-24] INFO  Solr$:119 - Sentence detection done...
[2018-12-03 23:19:27] [main] INFO  Solr$:71 - Num docs: 1000
[2018-12-03 23:19:27] [main] INFO  Solr$:61 - Querying Solr w/ cursorMark=AoExR1gyNzEtOTItMTMwMjI3MzQ=
[2018-12-03 23:19:27] [pool-1-thread-2] INFO  Solr$:109 - Sentence detection starting...
[2018-12-03 23:19:30] [pool-1-thread-1] INFO  Solr$:119 - Sentence detection done...
[2018-12-03 23:19:31] [main] INFO  Solr$:71 - Num docs: 1000
[2018-12-03 23:19:31] [main] INFO  Solr$:61 - Querying Solr w/ cursorMark=AoExR1gyNzItNjQtMTM3NTQyMjU=
[2018-12-03 23:19:31] [pool-1-thread-3] INFO  Solr$:109 - Sentence detection starting...
[2018-12-03 23:19:31] [main] INFO  Solr$:71 - Num docs: 287
[2018-12-03 23:19:31] [main] INFO  Solr$:61 - Querying Solr w/ cursorMark=AoEwR1gyNzItODQtOTYzNDExMA==
[2018-12-03 23:19:31] [pool-1-thread-4] INFO  Solr$:109 - Sentence detection starting...
[2018-12-03 23:19:31] [main] INFO  Solr$:71 - Num docs: 0
[2018-12-03 23:19:32] [pool-1-thread-2] INFO  Solr$:119 - Sentence detection done...
[2018-12-03 23:19:33] [pool-1-thread-4] INFO  Solr$:119 - Sentence detection done...
[2018-12-03 23:19:36] [pool-1-thread-3] INFO  Solr$:119 - Sentence detection done...
[2018-12-03 23:19:36] [main] INFO  Solr$:98 - Took 312432ms
