[2018-12-03 22:51:18] [main] INFO  Solr$:29 - Scallop(--term, napoleon, --field, raw, --solr, http://192.168.152.201:8983/solr,http://192.168.152.202:8983/solr,http://192.168.152.203:8983/solr,http://192.168.152.204:8983/solr,http://192.168.152.205:8983/solr, --index, gov2)
 *  field => raw
 *  term => napoleon
 *  solr => http://192.168.152.201:8983/solr,http://192.168.152.202:8983/solr,http://192.168.152.203:8983/solr,http://192.168.152.204:8983/solr,http://192.168.152.205:8983/solr
 *  index => gov2
    rows => 1000
    debug => false

[2018-12-03 22:51:19] [main] INFO  Solr$:61 - Querying Solr w/ cursorMark=*
[2018-12-03 22:51:27] [main] INFO  Solr$:71 - Num docs: 1000
[2018-12-03 22:51:28] [main] INFO  Solr$:61 - Querying Solr w/ cursorMark=AoEwR1gwMjItNjItNTM1NDI3Nw==
[2018-12-03 22:51:28] [pool-1-thread-1] INFO  Solr$:109 - Sentence detection starting...
[2018-12-03 22:51:33] [main] INFO  Solr$:71 - Num docs: 1000
[2018-12-03 22:51:33] [main] INFO  Solr$:61 - Querying Solr w/ cursorMark=AoEwR1gwNDMtMDctOTY0OTc3Mw==
[2018-12-03 22:51:33] [pool-1-thread-2] INFO  Solr$:109 - Sentence detection starting...
[2018-12-03 22:51:33] [pool-1-thread-1] INFO  Solr$:119 - Sentence detection done...
[2018-12-03 22:51:36] [pool-1-thread-2] INFO  Solr$:119 - Sentence detection done...
[2018-12-03 22:51:38] [main] INFO  Solr$:71 - Num docs: 1000
[2018-12-03 22:51:38] [main] INFO  Solr$:61 - Querying Solr w/ cursorMark=AoExR1gwNjUtMzktMTA5Mjk5MTQ=
[2018-12-03 22:51:38] [pool-1-thread-3] INFO  Solr$:109 - Sentence detection starting...
[2018-12-03 22:51:40] [pool-1-thread-3] INFO  Solr$:119 - Sentence detection done...
[2018-12-03 22:51:43] [main] INFO  Solr$:71 - Num docs: 1000
[2018-12-03 22:51:43] [main] INFO  Solr$:61 - Querying Solr w/ cursorMark=AoExR1gwOTYtMjEtMTY0NjY5Mjg=
[2018-12-03 22:51:43] [pool-1-thread-4] INFO  Solr$:109 - Sentence detection starting...
[2018-12-03 22:51:44] [pool-1-thread-4] INFO  Solr$:119 - Sentence detection done...
[2018-12-03 22:51:47] [main] INFO  Solr$:71 - Num docs: 1000
[2018-12-03 22:51:47] [main] INFO  Solr$:61 - Querying Solr w/ cursorMark=AoEwR1gxMzUtMDYtMzE4OTU2NQ==
[2018-12-03 22:51:47] [pool-1-thread-5] INFO  Solr$:109 - Sentence detection starting...
[2018-12-03 22:51:49] [pool-1-thread-5] INFO  Solr$:119 - Sentence detection done...
[2018-12-03 22:51:52] [main] INFO  Solr$:71 - Num docs: 1000
[2018-12-03 22:51:52] [main] INFO  Solr$:61 - Querying Solr w/ cursorMark=AoExR1gxNzMtMzQtMTE1NzU1NTc=
[2018-12-03 22:51:52] [pool-1-thread-6] INFO  Solr$:109 - Sentence detection starting...
exception caught: java.lang.NullPointerException
exception caught: java.lang.NullPointerException
[2018-12-03 22:51:53] [pool-1-thread-6] INFO  Solr$:119 - Sentence detection done...
[2018-12-03 22:51:57] [main] INFO  Solr$:71 - Num docs: 1000
[2018-12-03 22:51:57] [main] INFO  Solr$:61 - Querying Solr w/ cursorMark=AoExR1gyMTMtNDQtMTI3Mjg0Mjg=
[2018-12-03 22:51:57] [pool-1-thread-7] INFO  Solr$:109 - Sentence detection starting...
[2018-12-03 22:52:01] [pool-1-thread-7] INFO  Solr$:119 - Sentence detection done...
[2018-12-03 22:52:02] [main] INFO  Solr$:71 - Num docs: 1000
[2018-12-03 22:52:02] [main] INFO  Solr$:61 - Querying Solr w/ cursorMark=AoEwR1gyMzktODItMzY5NDQ0NA==
[2018-12-03 22:52:02] [pool-1-thread-8] INFO  Solr$:109 - Sentence detection starting...
exception caught: java.lang.NullPointerException
[2018-12-03 22:52:06] [pool-1-thread-8] INFO  Solr$:119 - Sentence detection done...
[2018-12-03 22:52:07] [main] INFO  Solr$:71 - Num docs: 1000
[2018-12-03 22:52:07] [main] INFO  Solr$:61 - Querying Solr w/ cursorMark=AoExR1gyNTYtNTktMTA2NjkyMTk=
[2018-12-03 22:52:07] [pool-1-thread-9] INFO  Solr$:109 - Sentence detection starting...
exception caught: java.lang.NullPointerException
[2018-12-03 22:52:13] [pool-1-thread-9] INFO  Solr$:119 - Sentence detection done...
[2018-12-03 22:52:13] [main] INFO  Solr$:71 - Num docs: 1000
[2018-12-03 22:52:13] [main] INFO  Solr$:61 - Querying Solr w/ cursorMark=AoExR1gyNjgtMjUtMTM5MzA2NTI=
[2018-12-03 22:52:13] [pool-1-thread-10] INFO  Solr$:109 - Sentence detection starting...
[2018-12-03 22:52:15] [main] INFO  Solr$:71 - Num docs: 522
[2018-12-03 22:52:15] [main] INFO  Solr$:61 - Querying Solr w/ cursorMark=AoEwR1gyNzItODMtMTYzNTMwNw==
[2018-12-03 22:52:15] [pool-1-thread-11] INFO  Solr$:109 - Sentence detection starting...
[2018-12-03 22:52:15] [main] INFO  Solr$:71 - Num docs: 0
[2018-12-03 22:52:18] [pool-1-thread-11] INFO  Solr$:119 - Sentence detection done...
[2018-12-03 22:52:18] [pool-1-thread-10] INFO  Solr$:119 - Sentence detection done...
[2018-12-03 22:52:18] [main] INFO  Solr$:98 - Took 59345ms
